# JRE version: OpenJDK Runtime Environment Temurin-17.0.3+7 (17.0.3+7) (build 17.0.3+7)
# Java VM: OpenJDK 64-Bit Server VM Temurin-17.0.3+7 (17.0.3+7, mixed mode, emulated-client, tiered, compressed oops, compressed class ptrs, g1 gc, windows-amd64)
GC Precious Log:
 CPUs: 4 total, 4 available
 Memory: 3498M
 Large Page Support: Disabled
 NUMA Support: Disabled
 Compressed Oops: Enabled (32-bit)
 Heap Region Size: 1M
 Heap Min Capacity: 8M
 Heap Initial Capacity: 56M
 Heap Max Capacity: 876M
 Pre-touch: Disabled
 Parallel Workers: 4
 Concurrent Workers: 1
 Concurrent Refinement Workers: 4
 Periodic GC: Disabled
Heap:
 garbage-first heap   total 153600K, used 76652K [0x00000000c9400000, 0x0000000100000000)
  region size 1024K, 6 young (6144K), 6 survivors (6144K)
 Metaspace       used 33008K, committed 33344K, reserved 1081344K
  class space    used 4196K, committed 4352K, reserved 1048576K
GC Heap History (20 events):
Event: 78.857 GC heap after
{Heap after GC invocations=21 (full 0):
 garbage-first heap   total 153600K, used 43735K [0x00000000c9400000, 0x0000000100000000)
  region size 1024K, 3 young (3072K), 3 survivors (3072K)
 Metaspace       used 33008K, committed 33344K, reserved 1081344K
  class space    used 4196K, committed 4352K, reserved 1048576K
}
Event: 81.001 GC heap before
{Heap before GC invocations=21 (full 0):
 garbage-first heap   total 153600K, used 108247K [0x00000000c9400000, 0x0000000100000000)
  region size 1024K, 67 young (68608K), 3 survivors (3072K)
 Metaspace       used 33008K, committed 33344K, reserved 1081344K
  class space    used 4196K, committed 4352K, reserved 1048576K
}
Event: 81.005 GC heap after
{Heap after GC invocations=22 (full 0):
 garbage-first heap   total 153600K, used 46918K [0x00000000c9400000, 0x0000000100000000)
  region size 1024K, 6 young (6144K), 6 survivors (6144K)
 Metaspace       used 33008K, committed 33344K, reserved 1081344K
  class space    used 4196K, committed 4352K, reserved 1048576K
}
Event: 82.030 GC heap before
{Heap before GC invocations=22 (full 0):
 garbage-first heap   total 153600K, used 113478K [0x00000000c9400000, 0x0000000100000000)
  region size 1024K, 72 young (73728K), 6 survivors (6144K)
 Metaspace       used 33008K, committed 33344K, reserved 1081344K
  class space    used 4196K, committed 4352K, reserved 1048576K
}
Event: 82.038 GC heap after
{Heap after GC invocations=23 (full 0):
 garbage-first heap   total 153600K, used 50508K [0x00000000c9400000, 0x0000000100000000)
  region size 1024K, 7 young (7168K), 7 survivors (7168K)
 Metaspace       used 33008K, committed 33344K, reserved 1081344K
  class space    used 4196K, committed 4352K, reserved 1048576K
}
Event: 84.235 GC heap before
{Heap before GC invocations=23 (full 0):
 garbage-first heap   total 153600K, used 116044K [0x00000000c9400000, 0x0000000100000000)
  region size 1024K, 72 young (73728K), 7 survivors (7168K)
 Metaspace       used 33008K, committed 33344K, reserved 1081344K
  class space    used 4196K, committed 4352K, reserved 1048576K
}
Event: 84.242 GC heap after
{Heap after GC invocations=24 (full 0):
 garbage-first heap   total 153600K, used 53837K [0x00000000c9400000, 0x0000000100000000)
  region size 1024K, 7 young (7168K), 7 survivors (7168K)
 Metaspace       used 33008K, committed 33344K, reserved 1081344K
  class space    used 4196K, committed 4352K, reserved 1048576K
}
Event: 84.342 GC heap before
{Heap before GC invocations=24 (full 0):
 garbage-first heap   total 153600K, used 120397K [0x00000000c9400000, 0x0000000100000000)
  region size 1024K, 73 young (74752K), 7 survivors (7168K)
 Metaspace       used 33008K, committed 33344K, reserved 1081344K
  class space    used 4196K, committed 4352K, reserved 1048576K
}
Event: 84.349 GC heap after
{Heap after GC invocations=25 (full 0):
 garbage-first heap   total 153600K, used 57194K [0x00000000c9400000, 0x0000000100000000)
  region size 1024K, 7 young (7168K), 7 survivors (7168K)
 Metaspace       used 33008K, committed 33344K, reserved 1081344K
  class space    used 4196K, committed 4352K, reserved 1048576K
}
Event: 84.454 GC heap before
{Heap before GC invocations=25 (full 0):
 garbage-first heap   total 153600K, used 121706K [0x00000000c9400000, 0x0000000100000000)
  region size 1024K, 71 young (72704K), 7 survivors (7168K)
 Metaspace       used 33008K, committed 33344K, reserved 1081344K
  class space    used 4196K, committed 4352K, reserved 1048576K
}
Event: 84.460 GC heap after
{Heap after GC invocations=26 (full 0):
 garbage-first heap   total 153600K, used 60646K [0x00000000c9400000, 0x0000000100000000)
  region size 1024K, 7 young (7168K), 7 survivors (7168K)
 Metaspace       used 33008K, committed 33344K, reserved 1081344K
  class space    used 4196K, committed 4352K, reserved 1048576K
}
Event: 85.280 GC heap before
{Heap before GC invocations=26 (full 0):
 garbage-first heap   total 153600K, used 124134K [0x00000000c9400000, 0x0000000100000000)
  region size 1024K, 70 young (71680K), 7 survivors (7168K)
 Metaspace       used 33008K, committed 33344K, reserved 1081344K
  class space    used 4196K, committed 4352K, reserved 1048576K
}
Event: 85.286 GC heap after
{Heap after GC invocations=27 (full 0):
 garbage-first heap   total 153600K, used 64112K [0x00000000c9400000, 0x0000000100000000)
  region size 1024K, 7 young (7168K), 7 survivors (7168K)
 Metaspace       used 33008K, committed 33344K, reserved 1081344K
  class space    used 4196K, committed 4352K, reserved 1048576K
}
Event: 86.159 GC heap before
{Heap before GC invocations=27 (full 0):
 garbage-first heap   total 153600K, used 125552K [0x00000000c9400000, 0x0000000100000000)
  region size 1024K, 68 young (69632K), 7 survivors (7168K)
 Metaspace       used 33008K, committed 33344K, reserved 1081344K
  class space    used 4196K, committed 4352K, reserved 1048576K
}
Event: 86.166 GC heap after
{Heap after GC invocations=28 (full 0):
 garbage-first heap   total 153600K, used 67019K [0x00000000c9400000, 0x0000000100000000)
  region size 1024K, 7 young (7168K), 7 survivors (7168K)
 Metaspace       used 33008K, committed 33344K, reserved 1081344K
  class space    used 4196K, committed 4352K, reserved 1048576K
}
Event: 87.927 GC heap before
{Heap before GC invocations=28 (full 0):
 garbage-first heap   total 153600K, used 125387K [0x00000000c9400000, 0x0000000100000000)
  region size 1024K, 65 young (66560K), 7 survivors (7168K)
 Metaspace       used 33008K, committed 33344K, reserved 1081344K
  class space    used 4196K, committed 4352K, reserved 1048576K
}
Event: 87.934 GC heap after
{Heap after GC invocations=29 (full 0):
 garbage-first heap   total 153600K, used 70537K [0x00000000c9400000, 0x0000000100000000)
  region size 1024K, 7 young (7168K), 7 survivors (7168K)
 Metaspace       used 33008K, committed 33344K, reserved 1081344K
  class space    used 4196K, committed 4352K, reserved 1048576K
}
Event: 88.011 GC heap before
{Heap before GC invocations=29 (full 0):
 garbage-first heap   total 153600K, used 126857K [0x00000000c9400000, 0x0000000100000000)
  region size 1024K, 63 young (64512K), 7 survivors (7168K)
 Metaspace       used 33008K, committed 33344K, reserved 1081344K
  class space    used 4196K, committed 4352K, reserved 1048576K
}
Event: 88.018 GC heap after
{Heap after GC invocations=30 (full 0):
 garbage-first heap   total 153600K, used 74197K [0x00000000c9400000, 0x0000000100000000)
  region size 1024K, 7 young (7168K), 7 survivors (7168K)
 Metaspace       used 33008K, committed 33344K, reserved 1081344K
  class space    used 4196K, committed 4352K, reserved 1048576K
}
Event: 89.000 GC heap before
{Heap before GC invocations=30 (full 0):
 garbage-first heap   total 153600K, used 127445K [0x00000000c9400000, 0x0000000100000000)
  region size 1024K, 61 young (62464K), 7 survivors (7168K)
 Metaspace       used 33008K, committed 33344K, reserved 1081344K
  class space    used 4196K, committed 4352K, reserved 1048576K
}

